# JRE version: OpenJDK Runtime Environment (8.0_242-b01) (build 1.8.0_242-release-1644-b01)
# Java VM: OpenJDK 64-Bit Server VM (25.242-b01 mixed mode windows-amd64 compressed oops)
Heap:
 PSYoungGen      total 253952K, used 198260K [0x00000000d5580000, 0x00000000ea080000, 0x0000000100000000)
  eden space 233984K, 76% used [0x00000000d5580000,0x00000000e03a3f38,0x00000000e3a00000)
  from space 19968K, 99% used [0x00000000e3a00000,0x00000000e4d793a0,0x00000000e4d80000)
  to   space 25600K, 0% used [0x00000000e8780000,0x00000000e8780000,0x00000000ea080000)
 ParOldGen       total 114176K, used 40363K [0x0000000080000000, 0x0000000086f80000, 0x00000000d5580000)
  object space 114176K, 35% used [0x0000000080000000,0x000000008276ac20,0x0000000086f80000)
 Metaspace       used 70076K, capacity 73196K, committed 73368K, reserved 1112064K
  class space    used 9457K, capacity 10081K, committed 10136K, reserved 1048576K
GC Heap History (10 events):
Event: 10.189 GC heap before
{Heap before GC invocations=12 (full 2):
 PSYoungGen      total 140288K, used 129024K [0x00000000d5580000, 0x00000000e2300000, 0x0000000100000000)
  eden space 129024K, 100% used [0x00000000d5580000,0x00000000dd380000,0x00000000dd380000)
  from space 11264K, 0% used [0x00000000dd380000,0x00000000dd380000,0x00000000dde80000)
  to   space 13312K, 0% used [0x00000000e1600000,0x00000000e1600000,0x00000000e2300000)
 ParOldGen       total 72704K, used 17780K [0x0000000080000000, 0x0000000084700000, 0x00000000d5580000)
  object space 72704K, 24% used [0x0000000080000000,0x000000008115d3f8,0x0000000084700000)
 Metaspace       used 38733K, capacity 40360K, committed 40488K, reserved 1083392K
  class space    used 5305K, capacity 5644K, committed 5672K, reserved 1048576K
Event: 10.205 GC heap after
Heap after GC invocations=12 (full 2):
 PSYoungGen      total 185344K, used 10286K [0x00000000d5580000, 0x00000000e2080000, 0x0000000100000000)
  eden space 174592K, 0% used [0x00000000d5580000,0x00000000d5580000,0x00000000e0000000)
  from space 10752K, 95% used [0x00000000e1600000,0x00000000e200bbc8,0x00000000e2080000)
  to   space 13824K, 0% used [0x00000000e0580000,0x00000000e0580000,0x00000000e1300000)
 ParOldGen       total 72704K, used 17788K [0x0000000080000000, 0x0000000084700000, 0x00000000d5580000)
  object space 72704K, 24% used [0x0000000080000000,0x000000008115f3f8,0x0000000084700000)
 Metaspace       used 38733K, capacity 40360K, committed 40488K, reserved 1083392K
  class space    used 5305K, capacity 5644K, committed 5672K, reserved 1048576K
}
Event: 13.730 GC heap before
{Heap before GC invocations=13 (full 2):
 PSYoungGen      total 185344K, used 184878K [0x00000000d5580000, 0x00000000e2080000, 0x0000000100000000)
  eden space 174592K, 100% used [0x00000000d5580000,0x00000000e0000000,0x00000000e0000000)
  from space 10752K, 95% used [0x00000000e1600000,0x00000000e200bbc8,0x00000000e2080000)
  to   space 13824K, 0% used [0x00000000e0580000,0x00000000e0580000,0x00000000e1300000)
 ParOldGen       total 72704K, used 17788K [0x0000000080000000, 0x0000000084700000, 0x00000000d5580000)
  object space 72704K, 24% used [0x0000000080000000,0x000000008115f3f8,0x0000000084700000)
 Metaspace       used 53326K, capacity 55310K, committed 55592K, reserved 1097728K
  class space    used 7059K, capacity 7455K, committed 7464K, reserved 1048576K
Event: 13.792 GC heap after
Heap after GC invocations=13 (full 2):
 PSYoungGen      total 194048K, used 13803K [0x00000000d5580000, 0x00000000e6180000, 0x0000000100000000)
  eden space 180224K, 0% used [0x00000000d5580000,0x00000000d5580000,0x00000000e0580000)
  from space 13824K, 99% used [0x00000000e0580000,0x00000000e12fafb0,0x00000000e1300000)
  to   space 20480K, 0% used [0x00000000e4d80000,0x00000000e4d80000,0x00000000e6180000)
 ParOldGen       total 72704K, used 31092K [0x0000000080000000, 0x0000000084700000, 0x00000000d5580000)
  object space 72704K, 42% used [0x0000000080000000,0x0000000081e5d260,0x0000000084700000)
 Metaspace       used 53326K, capacity 55310K, committed 55592K, reserved 1097728K
  class space    used 7059K, capacity 7455K, committed 7464K, reserved 1048576K
}
Event: 14.703 GC heap before
{Heap before GC invocations=14 (full 2):
 PSYoungGen      total 194048K, used 45893K [0x00000000d5580000, 0x00000000e6180000, 0x0000000100000000)
  eden space 180224K, 17% used [0x00000000d5580000,0x00000000d74d6568,0x00000000e0580000)
  from space 13824K, 99% used [0x00000000e0580000,0x00000000e12fafb0,0x00000000e1300000)
  to   space 20480K, 0% used [0x00000000e4d80000,0x00000000e4d80000,0x00000000e6180000)
 ParOldGen       total 72704K, used 31092K [0x0000000080000000, 0x0000000084700000, 0x00000000d5580000)
  object space 72704K, 42% used [0x0000000080000000,0x0000000081e5d260,0x0000000084700000)
 Metaspace       used 56893K, capacity 58998K, committed 59160K, reserved 1099776K
  class space    used 7672K, capacity 8108K, committed 8216K, reserved 1048576K
Event: 14.727 GC heap after
Heap after GC invocations=14 (full 2):
 PSYoungGen      total 254464K, used 4572K [0x00000000d5580000, 0x00000000e6780000, 0x0000000100000000)
  eden space 233984K, 0% used [0x00000000d5580000,0x00000000d5580000,0x00000000e3a00000)
  from space 20480K, 22% used [0x00000000e4d80000,0x00000000e51f7308,0x00000000e6180000)
  to   space 19968K, 0% used [0x00000000e3a00000,0x00000000e3a00000,0x00000000e4d80000)
 ParOldGen       total 72704K, used 42071K [0x0000000080000000, 0x0000000084700000, 0x00000000d5580000)
  object space 72704K, 57% used [0x0000000080000000,0x0000000082915fb0,0x0000000084700000)
 Metaspace       used 56893K, capacity 58998K, committed 59160K, reserved 1099776K
  class space    used 7672K, capacity 8108K, committed 8216K, reserved 1048576K
}
Event: 14.727 GC heap before
{Heap before GC invocations=15 (full 3):
 PSYoungGen      total 254464K, used 4572K [0x00000000d5580000, 0x00000000e6780000, 0x0000000100000000)
  eden space 233984K, 0% used [0x00000000d5580000,0x00000000d5580000,0x00000000e3a00000)
  from space 20480K, 22% used [0x00000000e4d80000,0x00000000e51f7308,0x00000000e6180000)
  to   space 19968K, 0% used [0x00000000e3a00000,0x00000000e3a00000,0x00000000e4d80000)
 ParOldGen       total 72704K, used 42071K [0x0000000080000000, 0x0000000084700000, 0x00000000d5580000)
  object space 72704K, 57% used [0x0000000080000000,0x0000000082915fb0,0x0000000084700000)
 Metaspace       used 56893K, capacity 58998K, committed 59160K, reserved 1099776K
  class space    used 7672K, capacity 8108K, committed 8216K, reserved 1048576K
Event: 15.168 GC heap after
Heap after GC invocations=15 (full 3):
 PSYoungGen      total 254464K, used 0K [0x00000000d5580000, 0x00000000e6780000, 0x0000000100000000)
  eden space 233984K, 0% used [0x00000000d5580000,0x00000000d5580000,0x00000000e3a00000)
  from space 20480K, 0% used [0x00000000e4d80000,0x00000000e4d80000,0x00000000e6180000)
  to   space 19968K, 0% used [0x00000000e3a00000,0x00000000e3a00000,0x00000000e4d80000)
 ParOldGen       total 114176K, used 34092K [0x0000000080000000, 0x0000000086f80000, 0x00000000d5580000)
  object space 114176K, 29% used [0x0000000080000000,0x000000008214b3a8,0x0000000086f80000)
 Metaspace       used 56878K, capacity 58950K, committed 59160K, reserved 1099776K
  class space    used 7667K, capacity 8100K, committed 8216K, reserved 1048576K
}
Event: 25.777 GC heap before
{Heap before GC invocations=16 (full 3):
 PSYoungGen      total 254464K, used 233984K [0x00000000d5580000, 0x00000000e6780000, 0x0000000100000000)
  eden space 233984K, 100% used [0x00000000d5580000,0x00000000e3a00000,0x00000000e3a00000)
  from space 20480K, 0% used [0x00000000e4d80000,0x00000000e4d80000,0x00000000e6180000)
  to   space 19968K, 0% used [0x00000000e3a00000,0x00000000e3a00000,0x00000000e4d80000)
 ParOldGen       total 114176K, used 34092K [0x0000000080000000, 0x0000000086f80000, 0x00000000d5580000)
  object space 114176K, 29% used [0x0000000080000000,0x000000008214b3a8,0x0000000086f80000)
 Metaspace       used 68069K, capacity 71142K, committed 71448K, reserved 1110016K
  class space    used 9274K, capacity 9892K, committed 10008K, reserved 1048576K
Event: 25.889 GC heap after
Heap after GC invocations=16 (full 3):
 PSYoungGen      total 253952K, used 19940K [0x00000000d5580000, 0x00000000ea080000, 0x0000000100000000)
  eden space 233984K, 0% used [0x00000000d5580000,0x00000000d5580000,0x00000000e3a00000)
  from space 19968K, 99% used [0x00000000e3a00000,0x00000000e4d793a0,0x00000000e4d80000)
  to   space 25600K, 0% used [0x00000000e8780000,0x00000000e8780000,0x00000000ea080000)
 ParOldGen       total 114176K, used 40363K [0x0000000080000000, 0x0000000086f80000, 0x00000000d5580000)
  object space 114176K, 35% used [0x0000000080000000,0x000000008276ac20,0x0000000086f80000)
 Metaspace       used 68069K, capacity 71142K, committed 71448K, reserved 1110016K
  class space    used 9274K, capacity 9892K, committed 10008K, reserved 1048576K
}

